2020-06-30 16:06:39,670 INFO org.cannonbank.core.CoreApplication [restartedMain] Starting CoreApplication on DESKTOP-G9CQ7LO with PID 16472 (C:\Users\ASUS\Desktop\Data\Ensa\4 eme annee\s2\Projet de semestre\CannonBANK\target\classes started by ASUS in C:\Users\ASUS\Desktop\Data\Ensa\4 eme annee\s2\Projet de semestre\CannonBANK)
2020-06-30 16:06:39,675 DEBUG org.cannonbank.core.CoreApplication [restartedMain] Running with Spring Boot v2.2.6.RELEASE, Spring v5.2.5.RELEASE
2020-06-30 16:06:39,676 INFO org.cannonbank.core.CoreApplication [restartedMain] No active profile set, falling back to default profiles: default
2020-06-30 16:06:56,272 DEBUG org.cannonbank.core.Security.security.jwt.AuthTokenFilter [restartedMain] Filter 'authenticationJwtTokenFilter' configured for use
2020-06-30 16:06:59,622 ERROR org.springframework.boot.diagnostics.LoggingFailureAnalysisReporter [restartedMain] 

***************************
APPLICATION FAILED TO START
***************************

Description:

Field template in org.cannonbank.core.controllers.MailController required a bean of type 'org.springframework.mail.SimpleMailMessage' that could not be found.

The injection point has the following annotations:
	- @org.springframework.beans.factory.annotation.Autowired(required=true)


Action:

Consider defining a bean of type 'org.springframework.mail.SimpleMailMessage' in your configuration.

2020-06-30 16:10:00,502 INFO org.cannonbank.core.CoreApplication [restartedMain] Starting CoreApplication on DESKTOP-G9CQ7LO with PID 8368 (C:\Users\ASUS\Desktop\Data\Ensa\4 eme annee\s2\Projet de semestre\CannonBANK\target\classes started by ASUS in C:\Users\ASUS\Desktop\Data\Ensa\4 eme annee\s2\Projet de semestre\CannonBANK)
2020-06-30 16:10:00,529 DEBUG org.cannonbank.core.CoreApplication [restartedMain] Running with Spring Boot v2.2.6.RELEASE, Spring v5.2.5.RELEASE
2020-06-30 16:10:00,533 INFO org.cannonbank.core.CoreApplication [restartedMain] No active profile set, falling back to default profiles: default
2020-06-30 16:10:19,678 DEBUG org.cannonbank.core.Security.security.jwt.AuthTokenFilter [restartedMain] Filter 'authenticationJwtTokenFilter' configured for use
2020-06-30 16:10:21,215 ERROR org.springframework.boot.diagnostics.LoggingFailureAnalysisReporter [restartedMain] 

***************************
APPLICATION FAILED TO START
***************************

Description:

Field template in org.cannonbank.core.controllers.MailController required a bean of type 'org.springframework.mail.SimpleMailMessage' that could not be found.

The injection point has the following annotations:
	- @org.springframework.beans.factory.annotation.Autowired(required=true)


Action:

Consider defining a bean of type 'org.springframework.mail.SimpleMailMessage' in your configuration.

2020-06-30 16:11:54,558 INFO org.cannonbank.core.CoreApplication [restartedMain] Starting CoreApplication on DESKTOP-G9CQ7LO with PID 9264 (C:\Users\ASUS\Desktop\Data\Ensa\4 eme annee\s2\Projet de semestre\CannonBANK\target\classes started by ASUS in C:\Users\ASUS\Desktop\Data\Ensa\4 eme annee\s2\Projet de semestre\CannonBANK)
2020-06-30 16:11:54,562 DEBUG org.cannonbank.core.CoreApplication [restartedMain] Running with Spring Boot v2.2.6.RELEASE, Spring v5.2.5.RELEASE
2020-06-30 16:11:54,563 INFO org.cannonbank.core.CoreApplication [restartedMain] No active profile set, falling back to default profiles: default
2020-06-30 16:12:18,780 DEBUG org.cannonbank.core.Security.security.jwt.AuthTokenFilter [restartedMain] Filter 'authenticationJwtTokenFilter' configured for use
2020-06-30 16:12:31,002 INFO org.cannonbank.core.CoreApplication [restartedMain] Started CoreApplication in 37.204 seconds (JVM running for 43.783)
2020-06-30 16:12:47,957 ERROR org.apache.catalina.core.ContainerBase.[Tomcat].[localhost].[/].[dispatcherServlet] [http-nio-8001-exec-1] Servlet.service() for servlet [dispatcherServlet] in context with path [] threw exception [Request processing failed; nested exception is java.lang.NullPointerException] with root cause
java.lang.NullPointerException: null
	at org.cannonbank.core.controllers.MailController.sendMail(MailController.java:41)
	at java.base/jdk.internal.reflect.NativeMethodAccessorImpl.invoke0(Native Method)
	at java.base/jdk.internal.reflect.NativeMethodAccessorImpl.invoke(NativeMethodAccessorImpl.java:62)
	at java.base/jdk.internal.reflect.DelegatingMethodAccessorImpl.invoke(DelegatingMethodAccessorImpl.java:43)
	at java.base/java.lang.reflect.Method.invoke(Method.java:567)
	at org.springframework.web.method.support.InvocableHandlerMethod.doInvoke(InvocableHandlerMethod.java:190)
	at org.springframework.web.method.support.InvocableHandlerMethod.invokeForRequest(InvocableHandlerMethod.java:138)
	at org.springframework.web.servlet.mvc.method.annotation.ServletInvocableHandlerMethod.invokeAndHandle(ServletInvocableHandlerMethod.java:105)
	at org.springframework.web.servlet.mvc.method.annotation.RequestMappingHandlerAdapter.invokeHandlerMethod(RequestMappingHandlerAdapter.java:879)
	at org.springframework.web.servlet.mvc.method.annotation.RequestMappingHandlerAdapter.handleInternal(RequestMappingHandlerAdapter.java:793)
	at org.springframework.web.servlet.mvc.method.AbstractHandlerMethodAdapter.handle(AbstractHandlerMethodAdapter.java:87)
	at org.springframework.web.servlet.DispatcherServlet.doDispatch(DispatcherServlet.java:1040)
	at org.springframework.web.servlet.DispatcherServlet.doService(DispatcherServlet.java:943)
	at org.springframework.web.servlet.FrameworkServlet.processRequest(FrameworkServlet.java:1006)
	at org.springframework.web.servlet.FrameworkServlet.doPost(FrameworkServlet.java:909)
	at javax.servlet.http.HttpServlet.service(HttpServlet.java:660)
	at org.springframework.web.servlet.FrameworkServlet.service(FrameworkServlet.java:883)
	at javax.servlet.http.HttpServlet.service(HttpServlet.java:741)
	at org.apache.catalina.core.ApplicationFilterChain.internalDoFilter(ApplicationFilterChain.java:231)
	at org.apache.catalina.core.ApplicationFilterChain.doFilter(ApplicationFilterChain.java:166)
	at org.apache.tomcat.websocket.server.WsFilter.doFilter(WsFilter.java:53)
	at org.apache.catalina.core.ApplicationFilterChain.internalDoFilter(ApplicationFilterChain.java:193)
	at org.apache.catalina.core.ApplicationFilterChain.doFilter(ApplicationFilterChain.java:166)
	at org.springframework.web.filter.OncePerRequestFilter.doFilter(OncePerRequestFilter.java:113)
	at org.apache.catalina.core.ApplicationFilterChain.internalDoFilter(ApplicationFilterChain.java:193)
	at org.apache.catalina.core.ApplicationFilterChain.doFilter(ApplicationFilterChain.java:166)
	at org.springframework.web.filter.OncePerRequestFilter.doFilter(OncePerRequestFilter.java:113)
	at org.apache.catalina.core.ApplicationFilterChain.internalDoFilter(ApplicationFilterChain.java:193)
	at org.apache.catalina.core.ApplicationFilterChain.doFilter(ApplicationFilterChain.java:166)
	at org.springframework.security.web.FilterChainProxy$VirtualFilterChain.doFilter(FilterChainProxy.java:320)
	at org.springframework.security.web.access.intercept.FilterSecurityInterceptor.invoke(FilterSecurityInterceptor.java:126)
	at org.springframework.security.web.access.intercept.FilterSecurityInterceptor.doFilter(FilterSecurityInterceptor.java:90)
	at org.springframework.security.web.FilterChainProxy$VirtualFilterChain.doFilter(FilterChainProxy.java:334)
	at org.springframework.security.web.access.ExceptionTranslationFilter.doFilter(ExceptionTranslationFilter.java:118)
	at org.springframework.security.web.FilterChainProxy$VirtualFilterChain.doFilter(FilterChainProxy.java:334)
	at org.springframework.security.web.session.SessionManagementFilter.doFilter(SessionManagementFilter.java:137)
	at org.springframework.security.web.FilterChainProxy$VirtualFilterChain.doFilter(FilterChainProxy.java:334)
	at org.springframework.security.web.authentication.AnonymousAuthenticationFilter.doFilter(AnonymousAuthenticationFilter.java:111)
	at org.springframework.security.web.FilterChainProxy$VirtualFilterChain.doFilter(FilterChainProxy.java:334)
	at org.springframework.security.web.servletapi.SecurityContextHolderAwareRequestFilter.doFilter(SecurityContextHolderAwareRequestFilter.java:158)
	at org.springframework.security.web.FilterChainProxy$VirtualFilterChain.doFilter(FilterChainProxy.java:334)
	at org.springframework.security.web.savedrequest.RequestCacheAwareFilter.doFilter(RequestCacheAwareFilter.java:63)
	at org.springframework.security.web.FilterChainProxy$VirtualFilterChain.doFilter(FilterChainProxy.java:334)
	at org.cannonbank.core.Security.security.jwt.AuthTokenFilter.doFilterInternal(AuthTokenFilter.java:49)
	at org.springframework.web.filter.OncePerRequestFilter.doFilter(OncePerRequestFilter.java:119)
	at org.springframework.security.web.FilterChainProxy$VirtualFilterChain.doFilter(FilterChainProxy.java:334)
	at org.springframework.security.web.authentication.logout.LogoutFilter.doFilter(LogoutFilter.java:116)
	at org.springframework.security.web.FilterChainProxy$VirtualFilterChain.doFilter(FilterChainProxy.java:334)
	at org.springframework.web.filter.CorsFilter.doFilterInternal(CorsFilter.java:92)
	at org.springframework.web.filter.OncePerRequestFilter.doFilter(OncePerRequestFilter.java:119)
	at org.springframework.security.web.FilterChainProxy$VirtualFilterChain.doFilter(FilterChainProxy.java:334)
	at org.springframework.security.web.header.HeaderWriterFilter.doHeadersAfter(HeaderWriterFilter.java:92)
	at org.springframework.security.web.header.HeaderWriterFilter.doFilterInternal(HeaderWriterFilter.java:77)
	at org.springframework.web.filter.OncePerRequestFilter.doFilter(OncePerRequestFilter.java:119)
	at org.springframework.security.web.FilterChainProxy$VirtualFilterChain.doFilter(FilterChainProxy.java:334)
	at org.springframework.security.web.context.SecurityContextPersistenceFilter.doFilter(SecurityContextPersistenceFilter.java:105)
	at org.springframework.security.web.FilterChainProxy$VirtualFilterChain.doFilter(FilterChainProxy.java:334)
	at org.springframework.security.web.context.request.async.WebAsyncManagerIntegrationFilter.doFilterInternal(WebAsyncManagerIntegrationFilter.java:56)
	at org.springframework.web.filter.OncePerRequestFilter.doFilter(OncePerRequestFilter.java:119)
	at org.springframework.security.web.FilterChainProxy$VirtualFilterChain.doFilter(FilterChainProxy.java:334)
	at org.springframework.security.web.FilterChainProxy.doFilterInternal(FilterChainProxy.java:215)
	at org.springframework.security.web.FilterChainProxy.doFilter(FilterChainProxy.java:178)
	at org.springframework.web.filter.DelegatingFilterProxy.invokeDelegate(DelegatingFilterProxy.java:358)
	at org.springframework.web.filter.DelegatingFilterProxy.doFilter(DelegatingFilterProxy.java:271)
	at org.apache.catalina.core.ApplicationFilterChain.internalDoFilter(ApplicationFilterChain.java:193)
	at org.apache.catalina.core.ApplicationFilterChain.doFilter(ApplicationFilterChain.java:166)
	at org.springframework.web.filter.RequestContextFilter.doFilterInternal(RequestContextFilter.java:100)
	at org.springframework.web.filter.OncePerRequestFilter.doFilter(OncePerRequestFilter.java:119)
	at org.apache.catalina.core.ApplicationFilterChain.internalDoFilter(ApplicationFilterChain.java:193)
	at org.apache.catalina.core.ApplicationFilterChain.doFilter(ApplicationFilterChain.java:166)
	at org.springframework.web.filter.FormContentFilter.doFilterInternal(FormContentFilter.java:93)
	at org.springframework.web.filter.OncePerRequestFilter.doFilter(OncePerRequestFilter.java:119)
	at org.apache.catalina.core.ApplicationFilterChain.internalDoFilter(ApplicationFilterChain.java:193)
	at org.apache.catalina.core.ApplicationFilterChain.doFilter(ApplicationFilterChain.java:166)
	at org.springframework.web.filter.CharacterEncodingFilter.doFilterInternal(CharacterEncodingFilter.java:201)
	at org.springframework.web.filter.OncePerRequestFilter.doFilter(OncePerRequestFilter.java:119)
	at org.apache.catalina.core.ApplicationFilterChain.internalDoFilter(ApplicationFilterChain.java:193)
	at org.apache.catalina.core.ApplicationFilterChain.doFilter(ApplicationFilterChain.java:166)
	at org.apache.catalina.core.StandardWrapperValve.invoke(StandardWrapperValve.java:202)
	at org.apache.catalina.core.StandardContextValve.invoke(StandardContextValve.java:96)
	at org.apache.catalina.authenticator.AuthenticatorBase.invoke(AuthenticatorBase.java:541)
	at org.apache.catalina.core.StandardHostValve.invoke(StandardHostValve.java:139)
	at org.apache.catalina.valves.ErrorReportValve.invoke(ErrorReportValve.java:92)
	at org.apache.catalina.core.StandardEngineValve.invoke(StandardEngineValve.java:74)
	at org.apache.catalina.connector.CoyoteAdapter.service(CoyoteAdapter.java:343)
	at org.apache.coyote.http11.Http11Processor.service(Http11Processor.java:373)
	at org.apache.coyote.AbstractProcessorLight.process(AbstractProcessorLight.java:65)
	at org.apache.coyote.AbstractProtocol$ConnectionHandler.process(AbstractProtocol.java:868)
	at org.apache.tomcat.util.net.NioEndpoint$SocketProcessor.doRun(NioEndpoint.java:1594)
	at org.apache.tomcat.util.net.SocketProcessorBase.run(SocketProcessorBase.java:49)
	at java.base/java.util.concurrent.ThreadPoolExecutor.runWorker(ThreadPoolExecutor.java:1128)
	at java.base/java.util.concurrent.ThreadPoolExecutor$Worker.run(ThreadPoolExecutor.java:628)
	at org.apache.tomcat.util.threads.TaskThread$WrappingRunnable.run(TaskThread.java:61)
	at java.base/java.lang.Thread.run(Thread.java:830)
2020-06-30 16:14:24,898 INFO org.cannonbank.core.controllers.MailController [http-nio-8001-exec-3] sending mail to elattarz@yahoo.com
2020-06-30 16:24:51,434 INFO org.cannonbank.core.CoreApplication [restartedMain] Starting CoreApplication on DESKTOP-G9CQ7LO with PID 16900 (C:\Users\ASUS\Desktop\Data\Ensa\4 eme annee\s2\Projet de semestre\CannonBANK\target\classes started by ASUS in C:\Users\ASUS\Desktop\Data\Ensa\4 eme annee\s2\Projet de semestre\CannonBANK)
2020-06-30 16:24:51,441 DEBUG org.cannonbank.core.CoreApplication [restartedMain] Running with Spring Boot v2.2.6.RELEASE, Spring v5.2.5.RELEASE
2020-06-30 16:24:51,443 INFO org.cannonbank.core.CoreApplication [restartedMain] No active profile set, falling back to default profiles: default
2020-06-30 16:25:13,965 DEBUG org.cannonbank.core.Security.security.jwt.AuthTokenFilter [restartedMain] Filter 'authenticationJwtTokenFilter' configured for use
2020-06-30 16:25:29,819 INFO org.cannonbank.core.CoreApplication [restartedMain] Started CoreApplication in 39.355 seconds (JVM running for 49.193)
2020-06-30 17:03:21,806 INFO org.cannonbank.core.CoreApplication [restartedMain] Starting CoreApplication on DESKTOP-G9CQ7LO with PID 14540 (C:\Users\ASUS\Desktop\Data\Ensa\4 eme annee\s2\Projet de semestre\CannonBANK\target\classes started by ASUS in C:\Users\ASUS\Desktop\Data\Ensa\4 eme annee\s2\Projet de semestre\CannonBANK)
2020-06-30 17:03:21,811 DEBUG org.cannonbank.core.CoreApplication [restartedMain] Running with Spring Boot v2.2.6.RELEASE, Spring v5.2.5.RELEASE
2020-06-30 17:03:21,812 INFO org.cannonbank.core.CoreApplication [restartedMain] No active profile set, falling back to default profiles: default
2020-06-30 17:03:46,735 DEBUG org.cannonbank.core.Security.security.jwt.AuthTokenFilter [restartedMain] Filter 'authenticationJwtTokenFilter' configured for use
2020-06-30 17:04:03,235 INFO org.cannonbank.core.CoreApplication [restartedMain] Started CoreApplication in 42.328 seconds (JVM running for 50.281)
